<?xml version="1.0" encoding="UTF-8"?>
<testsuite name="CabInvoiceGeneratorTest" tests="1" skipped="0" failures="0" errors="0" timestamp="2020-04-06T06:06:06" hostname="blackhawkkk" time="0.008">
  <properties/>
  <testcase name="givenDistanceAndTime_InvoiceGeneratorGenerateFare_ShouldReturnTotalFareForJourney" classname="CabInvoiceGeneratorTest" time="0.008"/>
  <system-out><![CDATA[]]></system-out>
  <system-err><![CDATA[]]></system-err>
</testsuite>
