<?xml version="1.0" encoding="UTF-8"?>
<testsuite name="CabInvoiceGeneratorTest" tests="1" skipped="0" failures="0" errors="0" timestamp="2020-04-07T04:26:06" hostname="blackhawkkk" time="0.005">
  <properties/>
  <testcase name="givenDistanceAndTime_InvoiceGeneratorGenerateFareForMultipleRides_ShouldReturnInvoiceDetails" classname="CabInvoiceGeneratorTest" time="0.005"/>
  <system-out><![CDATA[]]></system-out>
  <system-err><![CDATA[]]></system-err>
</testsuite>
